c:\users\mikakov\desktop\engine-flappy-bird\engine\flappy-bird\x64\debug\engine.pch
c:\users\mikakov\desktop\engine-flappy-bird\engine\flappy-bird\x64\debug\stdafx.obj
c:\users\mikakov\desktop\engine-flappy-bird\engine\flappy-bird\x64\debug\transform.obj
c:\users\mikakov\desktop\engine-flappy-bird\engine\flappy-bird\x64\debug\texture.obj
c:\users\mikakov\desktop\engine-flappy-bird\engine\flappy-bird\x64\debug\shader_program.obj
c:\users\mikakov\desktop\engine-flappy-bird\engine\flappy-bird\x64\debug\shader_builder.obj
c:\users\mikakov\desktop\engine-flappy-bird\engine\flappy-bird\x64\debug\render_models.obj
c:\users\mikakov\desktop\engine-flappy-bird\engine\flappy-bird\x64\debug\renderer.obj
c:\users\mikakov\desktop\engine-flappy-bird\engine\flappy-bird\x64\debug\points_renderer.obj
c:\users\mikakov\desktop\engine-flappy-bird\engine\flappy-bird\x64\debug\bird.obj
c:\users\mikakov\desktop\engine-flappy-bird\engine\flappy-bird\x64\debug\main.obj
c:\users\mikakov\desktop\engine-flappy-bird\engine\flappy-bird\x64\debug\gamedisplay.obj
c:\users\mikakov\desktop\engine-flappy-bird\engine\flappy-bird\x64\debug\entity.obj
c:\users\mikakov\desktop\engine-flappy-bird\engine\flappy-bird\x64\debug\display.obj
c:\users\mikakov\desktop\engine-flappy-bird\engine\flappy-bird\x64\debug\gameclock.obj
c:\users\mikakov\desktop\engine-flappy-bird\engine\flappy-bird\x64\debug\game_clock.obj
c:\users\mikakov\desktop\engine-flappy-bird\engine\flappy-bird\x64\debug\pipe.obj
c:\users\mikakov\desktop\engine-flappy-bird\engine\flappy-bird\x64\debug\collider_2d.obj
c:\users\mikakov\desktop\engine-flappy-bird\engine\flappy-bird\x64\debug\pipe_system.obj
c:\users\mikakov\desktop\engine-flappy-bird\engine\x64\debug\engine.exe
c:\users\mikakov\desktop\engine-flappy-bird\engine\x64\debug\engine.ilk
c:\users\mikakov\desktop\engine-flappy-bird\engine\x64\debug\engine.pdb
c:\users\mikakov\desktop\engine-flappy-bird\engine\flappy-bird\x64\debug\player.obj
c:\users\mikakov\desktop\engine-flappy-bird\engine\flappy-bird\x64\debug\vc141.idb
c:\users\mikakov\desktop\engine-flappy-bird\engine\flappy-bird\x64\debug\vc141.pdb
c:\users\mikakov\desktop\engine-flappy-bird\engine\flappy-bird\x64\debug\engine.tlog\cl.command.1.tlog
c:\users\mikakov\desktop\engine-flappy-bird\engine\flappy-bird\x64\debug\engine.tlog\cl.read.1.tlog
c:\users\mikakov\desktop\engine-flappy-bird\engine\flappy-bird\x64\debug\engine.tlog\cl.write.1.tlog
c:\users\mikakov\desktop\engine-flappy-bird\engine\flappy-bird\x64\debug\engine.tlog\link.command.1.tlog
c:\users\mikakov\desktop\engine-flappy-bird\engine\flappy-bird\x64\debug\engine.tlog\link.read.1.tlog
c:\users\mikakov\desktop\engine-flappy-bird\engine\flappy-bird\x64\debug\engine.tlog\link.write.1.tlog
