c:\users\michal\source\repos\flappy-bird\flappy-bird\x64\debug\flappy-bird.pch
c:\users\michal\source\repos\flappy-bird\flappy-bird\x64\debug\vc141.pdb
c:\users\michal\source\repos\flappy-bird\flappy-bird\x64\debug\vc141.idb
c:\users\michal\source\repos\flappy-bird\flappy-bird\x64\debug\stdafx.obj
c:\users\michal\source\repos\flappy-bird\flappy-bird\x64\debug\renderer.obj
c:\users\michal\source\repos\flappy-bird\flappy-bird\x64\debug\display.obj
c:\users\michal\source\repos\flappy-bird\flappy-bird\x64\debug\points_renderer.obj
c:\users\michal\source\repos\flappy-bird\flappy-bird\x64\debug\flappy-bird.obj
c:\users\michal\source\repos\flappy-bird\flappy-bird\x64\debug\shader_program.obj
c:\users\michal\source\repos\flappy-bird\flappy-bird\x64\debug\shader_builder.obj
c:\users\michal\source\repos\flappy-bird\flappy-bird\x64\debug\main.obj
c:\users\michal\source\repos\flappy-bird\x64\debug\flappy-bird.exe
c:\users\michal\source\repos\flappy-bird\x64\debug\flappy-bird.ilk
c:\users\michal\source\repos\flappy-bird\x64\debug\flappy-bird.pdb
c:\users\michal\source\repos\flappy-bird\flappy-bird\x64\debug\flappy-bird.tlog\cl.command.1.tlog
c:\users\michal\source\repos\flappy-bird\flappy-bird\x64\debug\flappy-bird.tlog\cl.read.1.tlog
c:\users\michal\source\repos\flappy-bird\flappy-bird\x64\debug\flappy-bird.tlog\cl.write.1.tlog
c:\users\michal\source\repos\flappy-bird\flappy-bird\x64\debug\flappy-bird.tlog\link.12320-cvtres.read.1.tlog
c:\users\michal\source\repos\flappy-bird\flappy-bird\x64\debug\flappy-bird.tlog\link.12320-cvtres.write.1.tlog
c:\users\michal\source\repos\flappy-bird\flappy-bird\x64\debug\flappy-bird.tlog\link.12320-rc.read.1.tlog
c:\users\michal\source\repos\flappy-bird\flappy-bird\x64\debug\flappy-bird.tlog\link.12320-rc.write.1.tlog
c:\users\michal\source\repos\flappy-bird\flappy-bird\x64\debug\flappy-bird.tlog\link.12320.read.1.tlog
c:\users\michal\source\repos\flappy-bird\flappy-bird\x64\debug\flappy-bird.tlog\link.12320.write.1.tlog
c:\users\michal\source\repos\flappy-bird\flappy-bird\x64\debug\flappy-bird.tlog\link.command.1.tlog
c:\users\michal\source\repos\flappy-bird\flappy-bird\x64\debug\flappy-bird.tlog\link.read.1.tlog
c:\users\michal\source\repos\flappy-bird\flappy-bird\x64\debug\flappy-bird.tlog\link.write.1.tlog
