  stdafx.cpp
  display.cpp
  entity.cpp
c:\users\mikakov\desktop\engine-flappy-bird\engine\flappy-bird\transform.h(46): warning C4244: "return": konwersja z "double" do "float", możliwa utrata danych
c:\users\mikakov\desktop\engine-flappy-bird\engine\flappy-bird\texture.h(11): fatal error C1083: Nie można otworzyć pliku dołącz: 'opencv2/core/core.hpp': No such file or directory
  GameDisplay.cpp
c:\users\mikakov\desktop\engine-flappy-bird\engine\flappy-bird\texture.h(11): fatal error C1083: Nie można otworzyć pliku dołącz: 'opencv2/core/core.hpp': No such file or directory
  main.cpp
c:\users\mikakov\desktop\engine-flappy-bird\engine\flappy-bird\texture.h(11): fatal error C1083: Nie można otworzyć pliku dołącz: 'opencv2/core/core.hpp': No such file or directory
  bird.cpp
c:\users\mikakov\desktop\engine-flappy-bird\engine\flappy-bird\transform.h(46): warning C4244: "return": konwersja z "double" do "float", możliwa utrata danych
c:\users\mikakov\desktop\engine-flappy-bird\engine\flappy-bird\texture.h(11): fatal error C1083: Nie można otworzyć pliku dołącz: 'opencv2/core/core.hpp': No such file or directory
  points_renderer.cpp
  renderer.cpp
c:\users\mikakov\desktop\engine-flappy-bird\engine\flappy-bird\renderer.cpp(9): warning C4267: "=": konwersja z "size_t" do "unsigned int", możliwa utrata danych
c:\users\mikakov\desktop\engine-flappy-bird\engine\flappy-bird\renderer.cpp(13): warning C4267: "inicjowanie": konwersja z "size_t" do "unsigned int", możliwa utrata danych
c:\users\mikakov\desktop\engine-flappy-bird\engine\flappy-bird\renderer.cpp(27): warning C4267: "=": konwersja z "size_t" do "unsigned int", możliwa utrata danych
c:\users\mikakov\desktop\engine-flappy-bird\engine\flappy-bird\renderer.cpp(28): warning C4267: "inicjowanie": konwersja z "size_t" do "unsigned int", możliwa utrata danych
c:\users\mikakov\desktop\engine-flappy-bird\engine\flappy-bird\renderer.cpp(48): warning C4267: "=": konwersja z "size_t" do "unsigned int", możliwa utrata danych
c:\users\mikakov\desktop\engine-flappy-bird\engine\flappy-bird\renderer.cpp(50): warning C4267: "inicjowanie": konwersja z "size_t" do "unsigned int", możliwa utrata danych
c:\users\mikakov\desktop\engine-flappy-bird\engine\flappy-bird\renderer.cpp(60): warning C4267: "=": konwersja z "size_t" do "unsigned int", możliwa utrata danych
c:\users\mikakov\desktop\engine-flappy-bird\engine\flappy-bird\renderer.cpp(67): warning C4267: "=": konwersja z "size_t" do "unsigned int", możliwa utrata danych
  render_models.cpp
  shader_builder.cpp
  shader_program.cpp
  texture.cpp
c:\users\mikakov\desktop\engine-flappy-bird\engine\flappy-bird\texture.h(11): fatal error C1083: Nie można otworzyć pliku dołącz: 'opencv2/core/core.hpp': No such file or directory
  transform.cpp
c:\users\mikakov\desktop\engine-flappy-bird\engine\flappy-bird\transform.h(46): warning C4244: "return": konwersja z "double" do "float", możliwa utrata danych
